# JRE version: OpenJDK Runtime Environment (11.0.12+7) (build 11.0.12+7-b1504.28-7817840)
# Java VM: OpenJDK 64-Bit Server VM (11.0.12+7-b1504.28-7817840, mixed mode, tiered, compressed oops, g1 gc, windows-amd64)
Heap:
 garbage-first heap   total 570368K, used 305089K [0x0000000080000000, 0x0000000100000000)
  region size 1024K, 2 young (2048K), 2 survivors (2048K)
 Metaspace       used 117477K, capacity 120324K, committed 120748K, reserved 1155072K
  class space    used 14838K, capacity 15937K, committed 16128K, reserved 1048576K
GC Heap History (20 events):
Event: 29.360 GC heap after
{Heap after GC invocations=30 (full 0):
 garbage-first heap   total 262144K, used 200704K [0x0000000080000000, 0x0000000100000000)
  region size 1024K, 2 young (2048K), 2 survivors (2048K)
 Metaspace       used 115532K, capacity 118408K, committed 118956K, reserved 1153024K
  class space    used 14582K, capacity 15661K, committed 15872K, reserved 1048576K
}
Event: 29.438 GC heap before
{Heap before GC invocations=30 (full 0):
 garbage-first heap   total 262144K, used 217088K [0x0000000080000000, 0x0000000100000000)
  region size 1024K, 19 young (19456K), 2 survivors (2048K)
 Metaspace       used 115533K, capacity 118408K, committed 118956K, reserved 1153024K
  class space    used 14582K, capacity 15661K, committed 15872K, reserved 1048576K
}
Event: 29.451 GC heap after
{Heap after GC invocations=31 (full 0):
 garbage-first heap   total 262144K, used 218112K [0x0000000080000000, 0x0000000100000000)
  region size 1024K, 3 young (3072K), 3 survivors (3072K)
 Metaspace       used 115533K, capacity 118408K, committed 118956K, reserved 1153024K
  class space    used 14582K, capacity 15661K, committed 15872K, reserved 1048576K
}
Event: 29.492 GC heap before
{Heap before GC invocations=31 (full 0):
 garbage-first heap   total 262144K, used 227328K [0x0000000080000000, 0x0000000100000000)
  region size 1024K, 12 young (12288K), 3 survivors (3072K)
 Metaspace       used 115533K, capacity 118408K, committed 118956K, reserved 1153024K
  class space    used 14582K, capacity 15661K, committed 15872K, reserved 1048576K
}
Event: 29.504 GC heap after
{Heap after GC invocations=32 (full 0):
 garbage-first heap   total 262144K, used 228342K [0x0000000080000000, 0x0000000100000000)
  region size 1024K, 2 young (2048K), 2 survivors (2048K)
 Metaspace       used 115533K, capacity 118408K, committed 118956K, reserved 1153024K
  class space    used 14582K, capacity 15661K, committed 15872K, reserved 1048576K
}
Event: 29.548 GC heap before
{Heap before GC invocations=32 (full 0):
 garbage-first heap   total 262144K, used 238582K [0x0000000080000000, 0x0000000100000000)
  region size 1024K, 12 young (12288K), 2 survivors (2048K)
 Metaspace       used 115533K, capacity 118408K, committed 118956K, reserved 1153024K
  class space    used 14582K, capacity 15661K, committed 15872K, reserved 1048576K
}
Event: 29.563 GC heap after
{Heap after GC invocations=33 (full 0):
 garbage-first heap   total 262144K, used 239395K [0x0000000080000000, 0x0000000100000000)
  region size 1024K, 2 young (2048K), 2 survivors (2048K)
 Metaspace       used 115533K, capacity 118408K, committed 118956K, reserved 1153024K
  class space    used 14582K, capacity 15661K, committed 15872K, reserved 1048576K
}
Event: 29.598 GC heap before
{Heap before GC invocations=33 (full 0):
 garbage-first heap   total 262144K, used 249635K [0x0000000080000000, 0x0000000100000000)
  region size 1024K, 12 young (12288K), 2 survivors (2048K)
 Metaspace       used 115533K, capacity 118408K, committed 118956K, reserved 1153024K
  class space    used 14582K, capacity 15661K, committed 15872K, reserved 1048576K
}
Event: 29.609 GC heap after
{Heap after GC invocations=34 (full 0):
 garbage-first heap   total 263168K, used 250372K [0x0000000080000000, 0x0000000100000000)
  region size 1024K, 2 young (2048K), 2 survivors (2048K)
 Metaspace       used 115533K, capacity 118408K, committed 118956K, reserved 1153024K
  class space    used 14582K, capacity 15661K, committed 15872K, reserved 1048576K
}
Event: 29.687 GC heap before
{Heap before GC invocations=34 (full 0):
 garbage-first heap   total 263168K, used 260612K [0x0000000080000000, 0x0000000100000000)
  region size 1024K, 12 young (12288K), 2 survivors (2048K)
 Metaspace       used 115588K, capacity 118505K, committed 118956K, reserved 1153024K
  class space    used 14586K, capacity 15693K, committed 15872K, reserved 1048576K
}
Event: 29.692 GC heap after
{Heap after GC invocations=35 (full 0):
 garbage-first heap   total 266240K, used 253180K [0x0000000080000000, 0x0000000100000000)
  region size 1024K, 2 young (2048K), 2 survivors (2048K)
 Metaspace       used 115588K, capacity 118505K, committed 118956K, reserved 1153024K
  class space    used 14586K, capacity 15693K, committed 15872K, reserved 1048576K
}
Event: 29.999 GC heap before
{Heap before GC invocations=36 (full 0):
 garbage-first heap   total 266240K, used 264444K [0x0000000080000000, 0x0000000100000000)
  region size 1024K, 13 young (13312K), 2 survivors (2048K)
 Metaspace       used 117474K, capacity 120324K, committed 120748K, reserved 1155072K
  class space    used 14838K, capacity 15937K, committed 16128K, reserved 1048576K
}
Event: 30.005 GC heap after
{Heap after GC invocations=37 (full 0):
 garbage-first heap   total 323584K, used 254836K [0x0000000080000000, 0x0000000100000000)
  region size 1024K, 2 young (2048K), 2 survivors (2048K)
 Metaspace       used 117474K, capacity 120324K, committed 120748K, reserved 1155072K
  class space    used 14838K, capacity 15937K, committed 16128K, reserved 1048576K
}
Event: 30.062 GC heap before
{Heap before GC invocations=37 (full 0):
 garbage-first heap   total 323584K, used 268148K [0x0000000080000000, 0x0000000100000000)
  region size 1024K, 15 young (15360K), 2 survivors (2048K)
 Metaspace       used 117476K, capacity 120324K, committed 120748K, reserved 1155072K
  class space    used 14838K, capacity 15937K, committed 16128K, reserved 1048576K
}
Event: 30.070 GC heap after
{Heap after GC invocations=38 (full 0):
 garbage-first heap   total 323584K, used 265705K [0x0000000080000000, 0x0000000100000000)
  region size 1024K, 2 young (2048K), 2 survivors (2048K)
 Metaspace       used 117476K, capacity 120324K, committed 120748K, reserved 1155072K
  class space    used 14838K, capacity 15937K, committed 16128K, reserved 1048576K
}
Event: 30.106 GC heap before
{Heap before GC invocations=38 (full 0):
 garbage-first heap   total 323584K, used 277993K [0x0000000080000000, 0x0000000100000000)
  region size 1024K, 15 young (15360K), 2 survivors (2048K)
 Metaspace       used 117476K, capacity 120324K, committed 120748K, reserved 1155072K
  class space    used 14838K, capacity 15937K, committed 16128K, reserved 1048576K
}
Event: 30.116 GC heap after
{Heap after GC invocations=39 (full 0):
 garbage-first heap   total 323584K, used 279332K [0x0000000080000000, 0x0000000100000000)
  region size 1024K, 2 young (2048K), 2 survivors (2048K)
 Metaspace       used 117476K, capacity 120324K, committed 120748K, reserved 1155072K
  class space    used 14838K, capacity 15937K, committed 16128K, reserved 1048576K
}
Event: 30.145 GC heap before
{Heap before GC invocations=39 (full 0):
 garbage-first heap   total 323584K, used 292644K [0x0000000080000000, 0x0000000100000000)
  region size 1024K, 15 young (15360K), 2 survivors (2048K)
 Metaspace       used 117476K, capacity 120324K, committed 120748K, reserved 1155072K
  class space    used 14838K, capacity 15937K, committed 16128K, reserved 1048576K
}
Event: 30.160 GC heap after
{Heap after GC invocations=40 (full 0):
 garbage-first heap   total 323584K, used 293721K [0x0000000080000000, 0x0000000100000000)
  region size 1024K, 2 young (2048K), 2 survivors (2048K)
 Metaspace       used 117476K, capacity 120324K, committed 120748K, reserved 1155072K
  class space    used 14838K, capacity 15937K, committed 16128K, reserved 1048576K
}
Event: 30.196 GC heap before
{Heap before GC invocations=40 (full 0):
 garbage-first heap   total 323584K, used 307033K [0x0000000080000000, 0x0000000100000000)
  region size 1024K, 15 young (15360K), 2 survivors (2048K)
 Metaspace       used 117477K, capacity 120324K, committed 120748K, reserved 1155072K
  class space    used 14838K, capacity 15937K, committed 16128K, reserved 1048576K
}

