# JRE version: OpenJDK Runtime Environment (11.0.12+7) (build 11.0.12+7-b1504.28-7817840)
# Java VM: OpenJDK 64-Bit Server VM (11.0.12+7-b1504.28-7817840, mixed mode, tiered, compressed oops, g1 gc, windows-amd64)
Heap:
 garbage-first heap   total 315392K, used 206690K [0x0000000080000000, 0x0000000100000000)
  region size 1024K, 109 young (111616K), 11 survivors (11264K)
 Metaspace       used 95209K, capacity 97782K, committed 97868K, reserved 1134592K
  class space    used 12377K, capacity 13366K, committed 13440K, reserved 1048576K
GC Heap History (20 events):
Event: 3.803 GC heap before
{Heap before GC invocations=5 (full 0):
 garbage-first heap   total 262144K, used 28848K [0x0000000080000000, 0x0000000100000000)
  region size 1024K, 13 young (13312K), 4 survivors (4096K)
 Metaspace       used 34895K, capacity 35718K, committed 35840K, reserved 1081344K
  class space    used 4534K, capacity 4839K, committed 4864K, reserved 1048576K
}
Event: 3.810 GC heap after
{Heap after GC invocations=6 (full 0):
 garbage-first heap   total 262144K, used 22265K [0x0000000080000000, 0x0000000100000000)
  region size 1024K, 6 young (6144K), 6 survivors (6144K)
 Metaspace       used 34895K, capacity 35718K, committed 35840K, reserved 1081344K
  class space    used 4534K, capacity 4839K, committed 4864K, reserved 1048576K
}
Event: 4.800 GC heap before
{Heap before GC invocations=7 (full 0):
 garbage-first heap   total 262144K, used 133881K [0x0000000080000000, 0x0000000100000000)
  region size 1024K, 112 young (114688K), 6 survivors (6144K)
 Metaspace       used 44214K, capacity 45318K, committed 45516K, reserved 1089536K
  class space    used 5662K, capacity 6065K, committed 6144K, reserved 1048576K
}
Event: 4.809 GC heap after
{Heap after GC invocations=8 (full 0):
 garbage-first heap   total 262144K, used 29585K [0x0000000080000000, 0x0000000100000000)
  region size 1024K, 13 young (13312K), 13 survivors (13312K)
 Metaspace       used 44214K, capacity 45318K, committed 45516K, reserved 1089536K
  class space    used 5662K, capacity 6065K, committed 6144K, reserved 1048576K
}
Event: 5.745 GC heap before
{Heap before GC invocations=8 (full 0):
 garbage-first heap   total 262144K, used 159633K [0x0000000080000000, 0x0000000100000000)
  region size 1024K, 132 young (135168K), 13 survivors (13312K)
 Metaspace       used 48635K, capacity 49960K, committed 50252K, reserved 1093632K
  class space    used 6226K, capacity 6734K, committed 6784K, reserved 1048576K
}
Event: 5.763 GC heap after
{Heap after GC invocations=9 (full 0):
 garbage-first heap   total 262144K, used 52558K [0x0000000080000000, 0x0000000100000000)
  region size 1024K, 17 young (17408K), 17 survivors (17408K)
 Metaspace       used 48635K, capacity 49960K, committed 50252K, reserved 1093632K
  class space    used 6226K, capacity 6734K, committed 6784K, reserved 1048576K
}
Event: 6.742 GC heap before
{Heap before GC invocations=9 (full 0):
 garbage-first heap   total 262144K, used 128334K [0x0000000080000000, 0x0000000100000000)
  region size 1024K, 92 young (94208K), 17 survivors (17408K)
 Metaspace       used 58633K, capacity 60165K, committed 60236K, reserved 1101824K
  class space    used 7472K, capacity 8054K, committed 8064K, reserved 1048576K
}
Event: 6.772 GC heap after
{Heap after GC invocations=10 (full 0):
 garbage-first heap   total 262144K, used 57122K [0x0000000080000000, 0x0000000100000000)
  region size 1024K, 5 young (5120K), 5 survivors (5120K)
 Metaspace       used 58633K, capacity 60165K, committed 60236K, reserved 1101824K
  class space    used 7472K, capacity 8054K, committed 8064K, reserved 1048576K
}
Event: 8.229 GC heap before
{Heap before GC invocations=11 (full 0):
 garbage-first heap   total 262144K, used 159522K [0x0000000080000000, 0x0000000100000000)
  region size 1024K, 105 young (107520K), 5 survivors (5120K)
 Metaspace       used 67795K, capacity 69470K, committed 69708K, reserved 1110016K
  class space    used 8629K, capacity 9263K, committed 9344K, reserved 1048576K
}
Event: 8.248 GC heap after
{Heap after GC invocations=12 (full 0):
 garbage-first heap   total 262144K, used 63085K [0x0000000080000000, 0x0000000100000000)
  region size 1024K, 11 young (11264K), 11 survivors (11264K)
 Metaspace       used 67795K, capacity 69470K, committed 69708K, reserved 1110016K
  class space    used 8629K, capacity 9263K, committed 9344K, reserved 1048576K
}
Event: 9.794 GC heap before
{Heap before GC invocations=13 (full 0):
 garbage-first heap   total 262144K, used 169581K [0x0000000080000000, 0x0000000100000000)
  region size 1024K, 115 young (117760K), 11 survivors (11264K)
 Metaspace       used 75348K, capacity 77118K, committed 77260K, reserved 1116160K
  class space    used 9792K, capacity 10437K, committed 10496K, reserved 1048576K
}
Event: 9.812 GC heap after
{Heap after GC invocations=14 (full 0):
 garbage-first heap   total 262144K, used 71066K [0x0000000080000000, 0x0000000100000000)
  region size 1024K, 15 young (15360K), 15 survivors (15360K)
 Metaspace       used 75348K, capacity 77118K, committed 77260K, reserved 1116160K
  class space    used 9792K, capacity 10437K, committed 10496K, reserved 1048576K
}
Event: 11.896 GC heap before
{Heap before GC invocations=14 (full 0):
 garbage-first heap   total 262144K, used 179610K [0x0000000080000000, 0x0000000100000000)
  region size 1024K, 121 young (123904K), 15 survivors (15360K)
 Metaspace       used 85091K, capacity 87189K, committed 87500K, reserved 1124352K
  class space    used 11158K, capacity 11931K, committed 12032K, reserved 1048576K
}
Event: 11.919 GC heap after
{Heap after GC invocations=15 (full 0):
 garbage-first heap   total 262144K, used 78339K [0x0000000080000000, 0x0000000100000000)
  region size 1024K, 15 young (15360K), 15 survivors (15360K)
 Metaspace       used 85091K, capacity 87189K, committed 87500K, reserved 1124352K
  class space    used 11158K, capacity 11931K, committed 12032K, reserved 1048576K
}
Event: 12.887 GC heap before
{Heap before GC invocations=15 (full 0):
 garbage-first heap   total 262144K, used 185859K [0x0000000080000000, 0x0000000100000000)
  region size 1024K, 121 young (123904K), 15 survivors (15360K)
 Metaspace       used 87219K, capacity 89606K, committed 89676K, reserved 1126400K
  class space    used 11465K, capacity 12378K, committed 12416K, reserved 1048576K
}
Event: 12.918 GC heap after
{Heap after GC invocations=16 (full 0):
 garbage-first heap   total 315392K, used 89512K [0x0000000080000000, 0x0000000100000000)
  region size 1024K, 16 young (16384K), 16 survivors (16384K)
 Metaspace       used 87219K, capacity 89606K, committed 89676K, reserved 1126400K
  class space    used 11465K, capacity 12378K, committed 12416K, reserved 1048576K
}
Event: 13.843 GC heap before
{Heap before GC invocations=16 (full 0):
 garbage-first heap   total 315392K, used 217512K [0x0000000080000000, 0x0000000100000000)
  region size 1024K, 142 young (145408K), 16 survivors (16384K)
 Metaspace       used 88194K, capacity 90672K, committed 90828K, reserved 1128448K
  class space    used 11530K, capacity 12480K, committed 12544K, reserved 1048576K
}
Event: 13.877 GC heap after
{Heap after GC invocations=17 (full 0):
 garbage-first heap   total 315392K, used 99965K [0x0000000080000000, 0x0000000100000000)
  region size 1024K, 18 young (18432K), 18 survivors (18432K)
 Metaspace       used 88194K, capacity 90672K, committed 90828K, reserved 1128448K
  class space    used 11530K, capacity 12480K, committed 12544K, reserved 1048576K
}
Event: 14.869 GC heap before
{Heap before GC invocations=17 (full 0):
 garbage-first heap   total 315392K, used 227965K [0x0000000080000000, 0x0000000100000000)
  region size 1024K, 144 young (147456K), 18 survivors (18432K)
 Metaspace       used 92026K, capacity 94537K, committed 94668K, reserved 1130496K
  class space    used 12038K, capacity 12996K, committed 13056K, reserved 1048576K
}
Event: 14.890 GC heap after
{Heap after GC invocations=18 (full 0):
 garbage-first heap   total 315392K, used 106338K [0x0000000080000000, 0x0000000100000000)
  region size 1024K, 11 young (11264K), 11 survivors (11264K)
 Metaspace       used 92026K, capacity 94537K, committed 94668K, reserved 1130496K
  class space    used 12038K, capacity 12996K, committed 13056K, reserved 1048576K
}

